{"total": {"lines":{"total":878,"covered":642,"skipped":0,"pct":73.12},"statements":{"total":994,"covered":717,"skipped":0,"pct":72.13},"functions":{"total":163,"covered":121,"skipped":0,"pct":74.23},"branches":{"total":639,"covered":387,"skipped":0,"pct":60.56},"branchesTrue":{"total":0,"covered":0,"skipped":0,"pct":100}}
,"/Users/noah/dev/ugtax/app/api/classify-llm/route.ts": {"lines":{"total":36,"covered":35,"skipped":0,"pct":97.22},"functions":{"total":4,"covered":4,"skipped":0,"pct":100},"statements":{"total":39,"covered":35,"skipped":0,"pct":89.74},"branches":{"total":41,"covered":33,"skipped":0,"pct":80.48}}
,"/Users/noah/dev/ugtax/app/api/download/route.ts": {"lines":{"total":34,"covered":29,"skipped":0,"pct":85.29},"functions":{"total":2,"covered":2,"skipped":0,"pct":100},"statements":{"total":37,"covered":30,"skipped":0,"pct":81.08},"branches":{"total":28,"covered":16,"skipped":0,"pct":57.14}}
,"/Users/noah/dev/ugtax/app/api/process/route.ts": {"lines":{"total":15,"covered":14,"skipped":0,"pct":93.33},"functions":{"total":1,"covered":1,"skipped":0,"pct":100},"statements":{"total":18,"covered":15,"skipped":0,"pct":83.33},"branches":{"total":12,"covered":7,"skipped":0,"pct":58.33}}
,"/Users/noah/dev/ugtax/app/api/skr04/route.ts": {"lines":{"total":4,"covered":4,"skipped":0,"pct":100},"functions":{"total":3,"covered":3,"skipped":0,"pct":100},"statements":{"total":4,"covered":4,"skipped":0,"pct":100},"branches":{"total":0,"covered":0,"skipped":0,"pct":100}}
,"/Users/noah/dev/ugtax/app/api/submit/route.ts": {"lines":{"total":43,"covered":0,"skipped":0,"pct":0},"functions":{"total":2,"covered":0,"skipped":0,"pct":0},"statements":{"total":44,"covered":0,"skipped":0,"pct":0},"branches":{"total":35,"covered":0,"skipped":0,"pct":0}}
,"/Users/noah/dev/ugtax/app/api/upload/route.ts": {"lines":{"total":86,"covered":0,"skipped":0,"pct":0},"functions":{"total":5,"covered":0,"skipped":0,"pct":0},"statements":{"total":90,"covered":0,"skipped":0,"pct":0},"branches":{"total":62,"covered":0,"skipped":0,"pct":0}}
,"/Users/noah/dev/ugtax/lib/config-store.ts": {"lines":{"total":17,"covered":0,"skipped":0,"pct":0},"functions":{"total":7,"covered":0,"skipped":0,"pct":0},"statements":{"total":18,"covered":0,"skipped":0,"pct":0},"branches":{"total":8,"covered":0,"skipped":0,"pct":0}}
,"/Users/noah/dev/ugtax/lib/downloads.ts": {"lines":{"total":140,"covered":140,"skipped":0,"pct":100},"functions":{"total":7,"covered":7,"skipped":0,"pct":100},"statements":{"total":143,"covered":143,"skipped":0,"pct":100},"branches":{"total":10,"covered":9,"skipped":0,"pct":90}}
,"/Users/noah/dev/ugtax/lib/engine.ts": {"lines":{"total":233,"covered":223,"skipped":0,"pct":95.7},"functions":{"total":56,"covered":56,"skipped":0,"pct":100},"statements":{"total":304,"covered":276,"skipped":0,"pct":90.78},"branches":{"total":271,"covered":213,"skipped":0,"pct":78.59}}
,"/Users/noah/dev/ugtax/lib/llm-providers.ts": {"lines":{"total":45,"covered":44,"skipped":0,"pct":97.77},"functions":{"total":11,"covered":11,"skipped":0,"pct":100},"statements":{"total":47,"covered":45,"skipped":0,"pct":95.74},"branches":{"total":25,"covered":20,"skipped":0,"pct":80}}
,"/Users/noah/dev/ugtax/lib/llm.ts": {"lines":{"total":18,"covered":16,"skipped":0,"pct":88.88},"functions":{"total":1,"covered":1,"skipped":0,"pct":100},"statements":{"total":22,"covered":19,"skipped":0,"pct":86.36},"branches":{"total":23,"covered":20,"skipped":0,"pct":86.95}}
,"/Users/noah/dev/ugtax/lib/models.ts": {"lines":{"total":14,"covered":14,"skipped":0,"pct":100},"functions":{"total":9,"covered":9,"skipped":0,"pct":100},"statements":{"total":16,"covered":16,"skipped":0,"pct":100},"branches":{"total":4,"covered":4,"skipped":0,"pct":100}}
,"/Users/noah/dev/ugtax/lib/profile.ts": {"lines":{"total":0,"covered":0,"skipped":0,"pct":100},"functions":{"total":0,"covered":0,"skipped":0,"pct":100},"statements":{"total":0,"covered":0,"skipped":0,"pct":100},"branches":{"total":0,"covered":0,"skipped":0,"pct":100}}
,"/Users/noah/dev/ugtax/lib/security.ts": {"lines":{"total":32,"covered":31,"skipped":0,"pct":96.87},"functions":{"total":7,"covered":6,"skipped":0,"pct":85.71},"statements":{"total":41,"covered":36,"skipped":0,"pct":87.8},"branches":{"total":29,"covered":24,"skipped":0,"pct":82.75}}
,"/Users/noah/dev/ugtax/lib/session-store.ts": {"lines":{"total":27,"covered":0,"skipped":0,"pct":0},"functions":{"total":13,"covered":0,"skipped":0,"pct":0},"statements":{"total":28,"covered":0,"skipped":0,"pct":0},"branches":{"total":20,"covered":0,"skipped":0,"pct":0}}
,"/Users/noah/dev/ugtax/lib/store-types.ts": {"lines":{"total":0,"covered":0,"skipped":0,"pct":100},"functions":{"total":0,"covered":0,"skipped":0,"pct":100},"statements":{"total":0,"covered":0,"skipped":0,"pct":100},"branches":{"total":0,"covered":0,"skipped":0,"pct":100}}
,"/Users/noah/dev/ugtax/lib/validation.ts": {"lines":{"total":30,"covered":30,"skipped":0,"pct":100},"functions":{"total":18,"covered":18,"skipped":0,"pct":100},"statements":{"total":36,"covered":36,"skipped":0,"pct":100},"branches":{"total":27,"covered":27,"skipped":0,"pct":100}}
,"/Users/noah/dev/ugtax/lib/xbrl.ts": {"lines":{"total":62,"covered":62,"skipped":0,"pct":100},"functions":{"total":3,"covered":3,"skipped":0,"pct":100},"statements":{"total":62,"covered":62,"skipped":0,"pct":100},"branches":{"total":20,"covered":14,"skipped":0,"pct":70}}
,"/Users/noah/dev/ugtax/lib/supabase/client.ts": {"lines":{"total":9,"covered":0,"skipped":0,"pct":0},"functions":{"total":1,"covered":0,"skipped":0,"pct":0},"statements":{"total":9,"covered":0,"skipped":0,"pct":0},"branches":{"total":8,"covered":0,"skipped":0,"pct":0}}
,"/Users/noah/dev/ugtax/lib/supabase/middleware.ts": {"lines":{"total":9,"covered":0,"skipped":0,"pct":0},"functions":{"total":4,"covered":0,"skipped":0,"pct":0},"statements":{"total":10,"covered":0,"skipped":0,"pct":0},"branches":{"total":4,"covered":0,"skipped":0,"pct":0}}
,"/Users/noah/dev/ugtax/lib/supabase/server.ts": {"lines":{"total":11,"covered":0,"skipped":0,"pct":0},"functions":{"total":4,"covered":0,"skipped":0,"pct":0},"statements":{"total":11,"covered":0,"skipped":0,"pct":0},"branches":{"total":6,"covered":0,"skipped":0,"pct":0}}
,"/Users/noah/dev/ugtax/lib/supabase/use-user.ts": {"lines":{"total":13,"covered":0,"skipped":0,"pct":0},"functions":{"total":5,"covered":0,"skipped":0,"pct":0},"statements":{"total":15,"covered":0,"skipped":0,"pct":0},"branches":{"total":6,"covered":0,"skipped":0,"pct":0}}
}
